<?xml version='1.0'?>
<ns2:test-suite xmlns:ns2='urn:model.allure.qatools.yandex.ru' start='1580378868904' stop='1580378870005'>
    <name>Testing landing page buttons</name>
    <title>Testing landing page buttons</title>
    <test-cases>
        <test-case start='1580378868905' status='failed' stop='1580378868913'>
            <name>testing login button</name>
            <title>testing login button</title>
            <labels/>
            <parameters/>
            <steps/>
            <attachments/>
            <failure>
                <message>Failed: browser.currenturl is not a function</message>
                <stack-trace>TypeError: browser.currenturl is not a function
                    at landingpage.verifyloginclick (C:\Users\SaiKrishna.Pulivarth\Desktop\Projects\BSPPortalMC\Pages\landingpage.js:27:23)
                    at UserContext.&lt;anonymous> (C:\Users\SaiKrishna.Pulivarth\Desktop\Projects\BSPPortalMC\tests\homepagetest.js:8:25)
                    at C:\Users\SaiKrishna.Pulivarth\AppData\Roaming\npm\node_modules\protractor\node_modules\jasminewd2\index.js:112:25
                    at new ManagedPromise (C:\Users\SaiKrishna.Pulivarth\AppData\Roaming\npm\node_modules\protractor\node_modules\selenium-webdriver\lib\promise.js:1077:7)
                    at ControlFlow.promise (C:\Users\SaiKrishna.Pulivarth\AppData\Roaming\npm\node_modules\protractor\node_modules\selenium-webdriver\lib\promise.js:2505:12)
                    at schedulerExecute (C:\Users\SaiKrishna.Pulivarth\AppData\Roaming\npm\node_modules\protractor\node_modules\jasminewd2\index.js:95:18)
                    at TaskQueue.execute_ (C:\Users\SaiKrishna.Pulivarth\AppData\Roaming\npm\node_modules\protractor\node_modules\selenium-webdriver\lib\promise.js:3084:14)
                    at TaskQueue.executeNext_ (C:\Users\SaiKrishna.Pulivarth\AppData\Roaming\npm\node_modules\protractor\node_modules\selenium-webdriver\lib\promise.js:3067:27)
                    at C:\Users\SaiKrishna.Pulivarth\AppData\Roaming\npm\node_modules\protractor\node_modules\selenium-webdriver\lib\promise.js:2927:27
                    at C:\Users\SaiKrishna.Pulivarth\AppData\Roaming\npm\node_modules\protractor\node_modules\selenium-webdriver\lib\promise.js:668:7
                From: Task: Run it("testing login button") in control flow
                    at UserContext.&lt;anonymous> (C:\Users\SaiKrishna.Pulivarth\AppData\Roaming\npm\node_modules\protractor\node_modules\jasminewd2\index.js:94:19)
                    at attempt (C:\Users\SaiKrishna.Pulivarth\AppData\Roaming\npm\node_modules\protractor\node_modules\jasmine-core\lib\jasmine-core\jasmine.js:4297:26)
                    at QueueRunner.run (C:\Users\SaiKrishna.Pulivarth\AppData\Roaming\npm\node_modules\protractor\node_modules\jasmine-core\lib\jasmine-core\jasmine.js:4217:20)
                    at QueueRunner.execute (C:\Users\SaiKrishna.Pulivarth\AppData\Roaming\npm\node_modules\protractor\node_modules\jasmine-core\lib\jasmine-core\jasmine.js:4199:10)
                    at Spec.queueRunnerFactory (C:\Users\SaiKrishna.Pulivarth\AppData\Roaming\npm\node_modules\protractor\node_modules\jasmine-core\lib\jasmine-core\jasmine.js:909:35)
                    at Spec.execute (C:\Users\SaiKrishna.Pulivarth\AppData\Roaming\npm\node_modules\protractor\node_modules\jasmine-core\lib\jasmine-core\jasmine.js:526:10)
                    at UserContext.fn (C:\Users\SaiKrishna.Pulivarth\AppData\Roaming\npm\node_modules\protractor\node_modules\jasmine-core\lib\jasmine-core\jasmine.js:5340:37)
                    at attempt (C:\Users\SaiKrishna.Pulivarth\AppData\Roaming\npm\node_modules\protractor\node_modules\jasmine-core\lib\jasmine-core\jasmine.js:4297:26)
                    at QueueRunner.run (C:\Users\SaiKrishna.Pulivarth\AppData\Roaming\npm\node_modules\protractor\node_modules\jasmine-core\lib\jasmine-core\jasmine.js:4217:20)
                    at QueueRunner.execute (C:\Users\SaiKrishna.Pulivarth\AppData\Roaming\npm\node_modules\protractor\node_modules\jasmine-core\lib\jasmine-core\jasmine.js:4199:10)
                From asynchronous test: 
                Error
                    at Suite.&lt;anonymous> (C:\Users\SaiKrishna.Pulivarth\Desktop\Projects\BSPPortalMC\tests\homepagetest.js:5:5)
                    at addSpecsToSuite (C:\Users\SaiKrishna.Pulivarth\AppData\Roaming\npm\node_modules\protractor\node_modules\jasmine-core\lib\jasmine-core\jasmine.js:1107:25)
                    at Env.describe (C:\Users\SaiKrishna.Pulivarth\AppData\Roaming\npm\node_modules\protractor\node_modules\jasmine-core\lib\jasmine-core\jasmine.js:1074:7)
                    at describe (C:\Users\SaiKrishna.Pulivarth\AppData\Roaming\npm\node_modules\protractor\node_modules\jasmine-core\lib\jasmine-core\jasmine.js:4399:18)
                    at Object.&lt;anonymous> (C:\Users\SaiKrishna.Pulivarth\Desktop\Projects\BSPPortalMC\tests\homepagetest.js:3:1)
                    at Module._compile (internal/modules/cjs/loader.js:959:30)
                    at Object.Module._extensions..js (internal/modules/cjs/loader.js:995:10)
                    at Module.load (internal/modules/cjs/loader.js:815:32)
                    at Function.Module._load (internal/modules/cjs/loader.js:727:14)</stack-trace>
            </failure>
        </test-case>
        <test-case start='1580378868913' status='failed' stop='1580378869469'>
            <name>testing sign up button</name>
            <title>testing sign up button</title>
            <labels/>
            <parameters/>
            <steps/>
            <attachments/>
            <failure>
                <message>Failed: browser.currenturl is not a function</message>
                <stack-trace>TypeError: browser.currenturl is not a function
                    at landingpage.verifysignupclick (C:\Users\SaiKrishna.Pulivarth\Desktop\Projects\BSPPortalMC\Pages\landingpage.js:31:24)
                    at UserContext.&lt;anonymous> (C:\Users\SaiKrishna.Pulivarth\Desktop\Projects\BSPPortalMC\tests\homepagetest.js:15:25)
                    at C:\Users\SaiKrishna.Pulivarth\AppData\Roaming\npm\node_modules\protractor\node_modules\jasminewd2\index.js:112:25
                    at new ManagedPromise (C:\Users\SaiKrishna.Pulivarth\AppData\Roaming\npm\node_modules\protractor\node_modules\selenium-webdriver\lib\promise.js:1077:7)
                    at ControlFlow.promise (C:\Users\SaiKrishna.Pulivarth\AppData\Roaming\npm\node_modules\protractor\node_modules\selenium-webdriver\lib\promise.js:2505:12)
                    at schedulerExecute (C:\Users\SaiKrishna.Pulivarth\AppData\Roaming\npm\node_modules\protractor\node_modules\jasminewd2\index.js:95:18)
                    at TaskQueue.execute_ (C:\Users\SaiKrishna.Pulivarth\AppData\Roaming\npm\node_modules\protractor\node_modules\selenium-webdriver\lib\promise.js:3084:14)
                    at TaskQueue.executeNext_ (C:\Users\SaiKrishna.Pulivarth\AppData\Roaming\npm\node_modules\protractor\node_modules\selenium-webdriver\lib\promise.js:3067:27)
                    at C:\Users\SaiKrishna.Pulivarth\AppData\Roaming\npm\node_modules\protractor\node_modules\selenium-webdriver\lib\promise.js:2927:27
                    at C:\Users\SaiKrishna.Pulivarth\AppData\Roaming\npm\node_modules\protractor\node_modules\selenium-webdriver\lib\promise.js:668:7
                From: Task: Run it("testing sign up button") in control flow
                    at UserContext.&lt;anonymous> (C:\Users\SaiKrishna.Pulivarth\AppData\Roaming\npm\node_modules\protractor\node_modules\jasminewd2\index.js:94:19)
                    at attempt (C:\Users\SaiKrishna.Pulivarth\AppData\Roaming\npm\node_modules\protractor\node_modules\jasmine-core\lib\jasmine-core\jasmine.js:4297:26)
                    at QueueRunner.run (C:\Users\SaiKrishna.Pulivarth\AppData\Roaming\npm\node_modules\protractor\node_modules\jasmine-core\lib\jasmine-core\jasmine.js:4217:20)
                    at QueueRunner.execute (C:\Users\SaiKrishna.Pulivarth\AppData\Roaming\npm\node_modules\protractor\node_modules\jasmine-core\lib\jasmine-core\jasmine.js:4199:10)
                    at Spec.queueRunnerFactory (C:\Users\SaiKrishna.Pulivarth\AppData\Roaming\npm\node_modules\protractor\node_modules\jasmine-core\lib\jasmine-core\jasmine.js:909:35)
                    at Spec.execute (C:\Users\SaiKrishna.Pulivarth\AppData\Roaming\npm\node_modules\protractor\node_modules\jasmine-core\lib\jasmine-core\jasmine.js:526:10)
                    at UserContext.fn (C:\Users\SaiKrishna.Pulivarth\AppData\Roaming\npm\node_modules\protractor\node_modules\jasmine-core\lib\jasmine-core\jasmine.js:5340:37)
                    at attempt (C:\Users\SaiKrishna.Pulivarth\AppData\Roaming\npm\node_modules\protractor\node_modules\jasmine-core\lib\jasmine-core\jasmine.js:4297:26)
                    at QueueRunner.run (C:\Users\SaiKrishna.Pulivarth\AppData\Roaming\npm\node_modules\protractor\node_modules\jasmine-core\lib\jasmine-core\jasmine.js:4217:20)
                    at runNext (C:\Users\SaiKrishna.Pulivarth\AppData\Roaming\npm\node_modules\protractor\node_modules\jasmine-core\lib\jasmine-core\jasmine.js:4257:20)
                From asynchronous test: 
                Error
                    at Suite.&lt;anonymous> (C:\Users\SaiKrishna.Pulivarth\Desktop\Projects\BSPPortalMC\tests\homepagetest.js:12:5)
                    at addSpecsToSuite (C:\Users\SaiKrishna.Pulivarth\AppData\Roaming\npm\node_modules\protractor\node_modules\jasmine-core\lib\jasmine-core\jasmine.js:1107:25)
                    at Env.describe (C:\Users\SaiKrishna.Pulivarth\AppData\Roaming\npm\node_modules\protractor\node_modules\jasmine-core\lib\jasmine-core\jasmine.js:1074:7)
                    at describe (C:\Users\SaiKrishna.Pulivarth\AppData\Roaming\npm\node_modules\protractor\node_modules\jasmine-core\lib\jasmine-core\jasmine.js:4399:18)
                    at Object.&lt;anonymous> (C:\Users\SaiKrishna.Pulivarth\Desktop\Projects\BSPPortalMC\tests\homepagetest.js:3:1)
                    at Module._compile (internal/modules/cjs/loader.js:959:30)
                    at Object.Module._extensions..js (internal/modules/cjs/loader.js:995:10)
                    at Module.load (internal/modules/cjs/loader.js:815:32)
                    at Function.Module._load (internal/modules/cjs/loader.js:727:14)</stack-trace>
            </failure>
        </test-case>
        <test-case start='1580378869469' status='failed' stop='1580378870003'>
            <name>verify logo click</name>
            <title>verify logo click</title>
            <labels/>
            <parameters/>
            <steps/>
            <attachments/>
            <failure>
                <message>Failed: browser.currenturl is not a function</message>
                <stack-trace>TypeError: browser.currenturl is not a function
                    at landingpage.verifylogoclick (C:\Users\SaiKrishna.Pulivarth\Desktop\Projects\BSPPortalMC\Pages\landingpage.js:35:24)
                    at UserContext.&lt;anonymous> (C:\Users\SaiKrishna.Pulivarth\Desktop\Projects\BSPPortalMC\tests\homepagetest.js:21:25)
                    at C:\Users\SaiKrishna.Pulivarth\AppData\Roaming\npm\node_modules\protractor\node_modules\jasminewd2\index.js:112:25
                    at new ManagedPromise (C:\Users\SaiKrishna.Pulivarth\AppData\Roaming\npm\node_modules\protractor\node_modules\selenium-webdriver\lib\promise.js:1077:7)
                    at ControlFlow.promise (C:\Users\SaiKrishna.Pulivarth\AppData\Roaming\npm\node_modules\protractor\node_modules\selenium-webdriver\lib\promise.js:2505:12)
                    at schedulerExecute (C:\Users\SaiKrishna.Pulivarth\AppData\Roaming\npm\node_modules\protractor\node_modules\jasminewd2\index.js:95:18)
                    at TaskQueue.execute_ (C:\Users\SaiKrishna.Pulivarth\AppData\Roaming\npm\node_modules\protractor\node_modules\selenium-webdriver\lib\promise.js:3084:14)
                    at TaskQueue.executeNext_ (C:\Users\SaiKrishna.Pulivarth\AppData\Roaming\npm\node_modules\protractor\node_modules\selenium-webdriver\lib\promise.js:3067:27)
                    at C:\Users\SaiKrishna.Pulivarth\AppData\Roaming\npm\node_modules\protractor\node_modules\selenium-webdriver\lib\promise.js:2927:27
                    at C:\Users\SaiKrishna.Pulivarth\AppData\Roaming\npm\node_modules\protractor\node_modules\selenium-webdriver\lib\promise.js:668:7
                From: Task: Run it("verify logo click") in control flow
                    at UserContext.&lt;anonymous> (C:\Users\SaiKrishna.Pulivarth\AppData\Roaming\npm\node_modules\protractor\node_modules\jasminewd2\index.js:94:19)
                    at attempt (C:\Users\SaiKrishna.Pulivarth\AppData\Roaming\npm\node_modules\protractor\node_modules\jasmine-core\lib\jasmine-core\jasmine.js:4297:26)
                    at QueueRunner.run (C:\Users\SaiKrishna.Pulivarth\AppData\Roaming\npm\node_modules\protractor\node_modules\jasmine-core\lib\jasmine-core\jasmine.js:4217:20)
                    at QueueRunner.execute (C:\Users\SaiKrishna.Pulivarth\AppData\Roaming\npm\node_modules\protractor\node_modules\jasmine-core\lib\jasmine-core\jasmine.js:4199:10)
                    at Spec.queueRunnerFactory (C:\Users\SaiKrishna.Pulivarth\AppData\Roaming\npm\node_modules\protractor\node_modules\jasmine-core\lib\jasmine-core\jasmine.js:909:35)
                    at Spec.execute (C:\Users\SaiKrishna.Pulivarth\AppData\Roaming\npm\node_modules\protractor\node_modules\jasmine-core\lib\jasmine-core\jasmine.js:526:10)
                    at UserContext.fn (C:\Users\SaiKrishna.Pulivarth\AppData\Roaming\npm\node_modules\protractor\node_modules\jasmine-core\lib\jasmine-core\jasmine.js:5340:37)
                    at attempt (C:\Users\SaiKrishna.Pulivarth\AppData\Roaming\npm\node_modules\protractor\node_modules\jasmine-core\lib\jasmine-core\jasmine.js:4297:26)
                    at QueueRunner.run (C:\Users\SaiKrishna.Pulivarth\AppData\Roaming\npm\node_modules\protractor\node_modules\jasmine-core\lib\jasmine-core\jasmine.js:4217:20)
                    at runNext (C:\Users\SaiKrishna.Pulivarth\AppData\Roaming\npm\node_modules\protractor\node_modules\jasmine-core\lib\jasmine-core\jasmine.js:4257:20)
                From asynchronous test: 
                Error
                    at Suite.&lt;anonymous> (C:\Users\SaiKrishna.Pulivarth\Desktop\Projects\BSPPortalMC\tests\homepagetest.js:18:5)
                    at addSpecsToSuite (C:\Users\SaiKrishna.Pulivarth\AppData\Roaming\npm\node_modules\protractor\node_modules\jasmine-core\lib\jasmine-core\jasmine.js:1107:25)
                    at Env.describe (C:\Users\SaiKrishna.Pulivarth\AppData\Roaming\npm\node_modules\protractor\node_modules\jasmine-core\lib\jasmine-core\jasmine.js:1074:7)
                    at describe (C:\Users\SaiKrishna.Pulivarth\AppData\Roaming\npm\node_modules\protractor\node_modules\jasmine-core\lib\jasmine-core\jasmine.js:4399:18)
                    at Object.&lt;anonymous> (C:\Users\SaiKrishna.Pulivarth\Desktop\Projects\BSPPortalMC\tests\homepagetest.js:3:1)
                    at Module._compile (internal/modules/cjs/loader.js:959:30)
                    at Object.Module._extensions..js (internal/modules/cjs/loader.js:995:10)
                    at Module.load (internal/modules/cjs/loader.js:815:32)
                    at Function.Module._load (internal/modules/cjs/loader.js:727:14)</stack-trace>
            </failure>
        </test-case>
    </test-cases>
</ns2:test-suite>