<?xml version='1.0'?>
<ns2:test-suite xmlns:ns2='urn:model.allure.qatools.yandex.ru' start='1580378934130' stop='1580378935237'>
    <name>Testing landing page buttons</name>
    <title>Testing landing page buttons</title>
    <test-cases>
        <test-case start='1580378934130' status='failed' stop='1580378934152'>
            <name>testing login button</name>
            <title>testing login button</title>
            <labels/>
            <parameters/>
            <steps/>
            <attachments/>
            <failure>
                <message>Failed: Error while waiting for Protractor to sync with the page: "both angularJS testability and angular testability are undefined.  This could be either because this is a non-angular page or because your test involves client-side navigation, which can interfere with Protractor's bootstrapping.  See http://git.io/v4gXM for details"</message>
                <stack-trace>Error: Error while waiting for Protractor to sync with the page: "both angularJS testability and angular testability are undefined.  This could be either because this is a non-angular page or because your test involves client-side navigation, which can interfere with Protractor's bootstrapping.  See http://git.io/v4gXM for details"
                    at C:\Users\SaiKrishna.Pulivarth\AppData\Roaming\npm\node_modules\protractor\built\browser.js:463:23
                    at ManagedPromise.invokeCallback_ (C:\Users\SaiKrishna.Pulivarth\AppData\Roaming\npm\node_modules\protractor\node_modules\selenium-webdriver\lib\promise.js:1376:14)
                    at TaskQueue.execute_ (C:\Users\SaiKrishna.Pulivarth\AppData\Roaming\npm\node_modules\protractor\node_modules\selenium-webdriver\lib\promise.js:3084:14)
                    at TaskQueue.executeNext_ (C:\Users\SaiKrishna.Pulivarth\AppData\Roaming\npm\node_modules\protractor\node_modules\selenium-webdriver\lib\promise.js:3067:27)
                    at C:\Users\SaiKrishna.Pulivarth\AppData\Roaming\npm\node_modules\protractor\node_modules\selenium-webdriver\lib\promise.js:2927:27
                    at C:\Users\SaiKrishna.Pulivarth\AppData\Roaming\npm\node_modules\protractor\node_modules\selenium-webdriver\lib\promise.js:668:7
                    at processTicksAndRejections (internal/process/task_queues.js:93:5)Error
                    at ElementArrayFinder.applyAction_ (C:\Users\SaiKrishna.Pulivarth\AppData\Roaming\npm\node_modules\protractor\built\element.js:459:27)
                    at ElementArrayFinder.&lt;computed> [as click] (C:\Users\SaiKrishna.Pulivarth\AppData\Roaming\npm\node_modules\protractor\built\element.js:91:29)
                    at ElementFinder.&lt;computed> [as click] (C:\Users\SaiKrishna.Pulivarth\AppData\Roaming\npm\node_modules\protractor\built\element.js:831:22)
                    at landingpage.clickonlogin (C:\Users\SaiKrishna.Pulivarth\Desktop\Projects\BSPPortalMC\Pages\landingpage.js:14:20)
                    at UserContext.&lt;anonymous> (C:\Users\SaiKrishna.Pulivarth\Desktop\Projects\BSPPortalMC\tests\homepagetest.js:7:25)
                    at C:\Users\SaiKrishna.Pulivarth\AppData\Roaming\npm\node_modules\protractor\node_modules\jasminewd2\index.js:112:25
                    at new ManagedPromise (C:\Users\SaiKrishna.Pulivarth\AppData\Roaming\npm\node_modules\protractor\node_modules\selenium-webdriver\lib\promise.js:1077:7)
                    at ControlFlow.promise (C:\Users\SaiKrishna.Pulivarth\AppData\Roaming\npm\node_modules\protractor\node_modules\selenium-webdriver\lib\promise.js:2505:12)
                    at schedulerExecute (C:\Users\SaiKrishna.Pulivarth\AppData\Roaming\npm\node_modules\protractor\node_modules\jasminewd2\index.js:95:18)
                    at TaskQueue.execute_ (C:\Users\SaiKrishna.Pulivarth\AppData\Roaming\npm\node_modules\protractor\node_modules\selenium-webdriver\lib\promise.js:3084:14)
                From: Task: Run it("testing login button") in control flow
                    at UserContext.&lt;anonymous> (C:\Users\SaiKrishna.Pulivarth\AppData\Roaming\npm\node_modules\protractor\node_modules\jasminewd2\index.js:94:19)
                    at attempt (C:\Users\SaiKrishna.Pulivarth\AppData\Roaming\npm\node_modules\protractor\node_modules\jasmine-core\lib\jasmine-core\jasmine.js:4297:26)
                    at QueueRunner.run (C:\Users\SaiKrishna.Pulivarth\AppData\Roaming\npm\node_modules\protractor\node_modules\jasmine-core\lib\jasmine-core\jasmine.js:4217:20)
                    at QueueRunner.execute (C:\Users\SaiKrishna.Pulivarth\AppData\Roaming\npm\node_modules\protractor\node_modules\jasmine-core\lib\jasmine-core\jasmine.js:4199:10)
                    at Spec.queueRunnerFactory (C:\Users\SaiKrishna.Pulivarth\AppData\Roaming\npm\node_modules\protractor\node_modules\jasmine-core\lib\jasmine-core\jasmine.js:909:35)
                    at Spec.execute (C:\Users\SaiKrishna.Pulivarth\AppData\Roaming\npm\node_modules\protractor\node_modules\jasmine-core\lib\jasmine-core\jasmine.js:526:10)
                    at UserContext.fn (C:\Users\SaiKrishna.Pulivarth\AppData\Roaming\npm\node_modules\protractor\node_modules\jasmine-core\lib\jasmine-core\jasmine.js:5340:37)
                    at attempt (C:\Users\SaiKrishna.Pulivarth\AppData\Roaming\npm\node_modules\protractor\node_modules\jasmine-core\lib\jasmine-core\jasmine.js:4297:26)
                    at QueueRunner.run (C:\Users\SaiKrishna.Pulivarth\AppData\Roaming\npm\node_modules\protractor\node_modules\jasmine-core\lib\jasmine-core\jasmine.js:4217:20)
                    at QueueRunner.execute (C:\Users\SaiKrishna.Pulivarth\AppData\Roaming\npm\node_modules\protractor\node_modules\jasmine-core\lib\jasmine-core\jasmine.js:4199:10)
                From asynchronous test: 
                Error
                    at Suite.&lt;anonymous> (C:\Users\SaiKrishna.Pulivarth\Desktop\Projects\BSPPortalMC\tests\homepagetest.js:5:5)
                    at addSpecsToSuite (C:\Users\SaiKrishna.Pulivarth\AppData\Roaming\npm\node_modules\protractor\node_modules\jasmine-core\lib\jasmine-core\jasmine.js:1107:25)
                    at Env.describe (C:\Users\SaiKrishna.Pulivarth\AppData\Roaming\npm\node_modules\protractor\node_modules\jasmine-core\lib\jasmine-core\jasmine.js:1074:7)
                    at describe (C:\Users\SaiKrishna.Pulivarth\AppData\Roaming\npm\node_modules\protractor\node_modules\jasmine-core\lib\jasmine-core\jasmine.js:4399:18)
                    at Object.&lt;anonymous> (C:\Users\SaiKrishna.Pulivarth\Desktop\Projects\BSPPortalMC\tests\homepagetest.js:3:1)
                    at Module._compile (internal/modules/cjs/loader.js:959:30)
                    at Object.Module._extensions..js (internal/modules/cjs/loader.js:995:10)
                    at Module.load (internal/modules/cjs/loader.js:815:32)
                    at Function.Module._load (internal/modules/cjs/loader.js:727:14)</stack-trace>
            </failure>
        </test-case>
        <test-case start='1580378934152' status='failed' stop='1580378934716'>
            <name>testing sign up button</name>
            <title>testing sign up button</title>
            <labels/>
            <parameters/>
            <steps/>
            <attachments/>
            <failure>
                <message>Failed: Error while waiting for Protractor to sync with the page: "both angularJS testability and angular testability are undefined.  This could be either because this is a non-angular page or because your test involves client-side navigation, which can interfere with Protractor's bootstrapping.  See http://git.io/v4gXM for details"</message>
                <stack-trace>Error: Error while waiting for Protractor to sync with the page: "both angularJS testability and angular testability are undefined.  This could be either because this is a non-angular page or because your test involves client-side navigation, which can interfere with Protractor's bootstrapping.  See http://git.io/v4gXM for details"
                    at C:\Users\SaiKrishna.Pulivarth\AppData\Roaming\npm\node_modules\protractor\built\browser.js:463:23
                    at ManagedPromise.invokeCallback_ (C:\Users\SaiKrishna.Pulivarth\AppData\Roaming\npm\node_modules\protractor\node_modules\selenium-webdriver\lib\promise.js:1376:14)
                    at TaskQueue.execute_ (C:\Users\SaiKrishna.Pulivarth\AppData\Roaming\npm\node_modules\protractor\node_modules\selenium-webdriver\lib\promise.js:3084:14)
                    at TaskQueue.executeNext_ (C:\Users\SaiKrishna.Pulivarth\AppData\Roaming\npm\node_modules\protractor\node_modules\selenium-webdriver\lib\promise.js:3067:27)
                    at C:\Users\SaiKrishna.Pulivarth\AppData\Roaming\npm\node_modules\protractor\node_modules\selenium-webdriver\lib\promise.js:2927:27
                    at C:\Users\SaiKrishna.Pulivarth\AppData\Roaming\npm\node_modules\protractor\node_modules\selenium-webdriver\lib\promise.js:668:7
                    at processTicksAndRejections (internal/process/task_queues.js:93:5)Error
                    at ElementArrayFinder.applyAction_ (C:\Users\SaiKrishna.Pulivarth\AppData\Roaming\npm\node_modules\protractor\built\element.js:459:27)
                    at ElementArrayFinder.&lt;computed> [as click] (C:\Users\SaiKrishna.Pulivarth\AppData\Roaming\npm\node_modules\protractor\built\element.js:91:29)
                    at ElementFinder.&lt;computed> [as click] (C:\Users\SaiKrishna.Pulivarth\AppData\Roaming\npm\node_modules\protractor\built\element.js:831:22)
                    at landingpage.clickonsignup (C:\Users\SaiKrishna.Pulivarth\Desktop\Projects\BSPPortalMC\Pages\landingpage.js:18:21)
                    at UserContext.&lt;anonymous> (C:\Users\SaiKrishna.Pulivarth\Desktop\Projects\BSPPortalMC\tests\homepagetest.js:14:25)
                    at C:\Users\SaiKrishna.Pulivarth\AppData\Roaming\npm\node_modules\protractor\node_modules\jasminewd2\index.js:112:25
                    at new ManagedPromise (C:\Users\SaiKrishna.Pulivarth\AppData\Roaming\npm\node_modules\protractor\node_modules\selenium-webdriver\lib\promise.js:1077:7)
                    at ControlFlow.promise (C:\Users\SaiKrishna.Pulivarth\AppData\Roaming\npm\node_modules\protractor\node_modules\selenium-webdriver\lib\promise.js:2505:12)
                    at schedulerExecute (C:\Users\SaiKrishna.Pulivarth\AppData\Roaming\npm\node_modules\protractor\node_modules\jasminewd2\index.js:95:18)
                    at TaskQueue.execute_ (C:\Users\SaiKrishna.Pulivarth\AppData\Roaming\npm\node_modules\protractor\node_modules\selenium-webdriver\lib\promise.js:3084:14)
                From: Task: Run it("testing sign up button") in control flow
                    at UserContext.&lt;anonymous> (C:\Users\SaiKrishna.Pulivarth\AppData\Roaming\npm\node_modules\protractor\node_modules\jasminewd2\index.js:94:19)
                    at attempt (C:\Users\SaiKrishna.Pulivarth\AppData\Roaming\npm\node_modules\protractor\node_modules\jasmine-core\lib\jasmine-core\jasmine.js:4297:26)
                    at QueueRunner.run (C:\Users\SaiKrishna.Pulivarth\AppData\Roaming\npm\node_modules\protractor\node_modules\jasmine-core\lib\jasmine-core\jasmine.js:4217:20)
                    at QueueRunner.execute (C:\Users\SaiKrishna.Pulivarth\AppData\Roaming\npm\node_modules\protractor\node_modules\jasmine-core\lib\jasmine-core\jasmine.js:4199:10)
                    at Spec.queueRunnerFactory (C:\Users\SaiKrishna.Pulivarth\AppData\Roaming\npm\node_modules\protractor\node_modules\jasmine-core\lib\jasmine-core\jasmine.js:909:35)
                    at Spec.execute (C:\Users\SaiKrishna.Pulivarth\AppData\Roaming\npm\node_modules\protractor\node_modules\jasmine-core\lib\jasmine-core\jasmine.js:526:10)
                    at UserContext.fn (C:\Users\SaiKrishna.Pulivarth\AppData\Roaming\npm\node_modules\protractor\node_modules\jasmine-core\lib\jasmine-core\jasmine.js:5340:37)
                    at attempt (C:\Users\SaiKrishna.Pulivarth\AppData\Roaming\npm\node_modules\protractor\node_modules\jasmine-core\lib\jasmine-core\jasmine.js:4297:26)
                    at QueueRunner.run (C:\Users\SaiKrishna.Pulivarth\AppData\Roaming\npm\node_modules\protractor\node_modules\jasmine-core\lib\jasmine-core\jasmine.js:4217:20)
                    at runNext (C:\Users\SaiKrishna.Pulivarth\AppData\Roaming\npm\node_modules\protractor\node_modules\jasmine-core\lib\jasmine-core\jasmine.js:4257:20)
                From asynchronous test: 
                Error
                    at Suite.&lt;anonymous> (C:\Users\SaiKrishna.Pulivarth\Desktop\Projects\BSPPortalMC\tests\homepagetest.js:12:5)
                    at addSpecsToSuite (C:\Users\SaiKrishna.Pulivarth\AppData\Roaming\npm\node_modules\protractor\node_modules\jasmine-core\lib\jasmine-core\jasmine.js:1107:25)
                    at Env.describe (C:\Users\SaiKrishna.Pulivarth\AppData\Roaming\npm\node_modules\protractor\node_modules\jasmine-core\lib\jasmine-core\jasmine.js:1074:7)
                    at describe (C:\Users\SaiKrishna.Pulivarth\AppData\Roaming\npm\node_modules\protractor\node_modules\jasmine-core\lib\jasmine-core\jasmine.js:4399:18)
                    at Object.&lt;anonymous> (C:\Users\SaiKrishna.Pulivarth\Desktop\Projects\BSPPortalMC\tests\homepagetest.js:3:1)
                    at Module._compile (internal/modules/cjs/loader.js:959:30)
                    at Object.Module._extensions..js (internal/modules/cjs/loader.js:995:10)
                    at Module.load (internal/modules/cjs/loader.js:815:32)
                    at Function.Module._load (internal/modules/cjs/loader.js:727:14)</stack-trace>
            </failure>
        </test-case>
        <test-case start='1580378934716' status='failed' stop='1580378935236'>
            <name>verify logo click</name>
            <title>verify logo click</title>
            <labels/>
            <parameters/>
            <steps/>
            <attachments/>
            <failure>
                <message>Failed: Error while waiting for Protractor to sync with the page: "both angularJS testability and angular testability are undefined.  This could be either because this is a non-angular page or because your test involves client-side navigation, which can interfere with Protractor's bootstrapping.  See http://git.io/v4gXM for details"</message>
                <stack-trace>Error: Error while waiting for Protractor to sync with the page: "both angularJS testability and angular testability are undefined.  This could be either because this is a non-angular page or because your test involves client-side navigation, which can interfere with Protractor's bootstrapping.  See http://git.io/v4gXM for details"
                    at C:\Users\SaiKrishna.Pulivarth\AppData\Roaming\npm\node_modules\protractor\built\browser.js:463:23
                    at ManagedPromise.invokeCallback_ (C:\Users\SaiKrishna.Pulivarth\AppData\Roaming\npm\node_modules\protractor\node_modules\selenium-webdriver\lib\promise.js:1376:14)
                    at TaskQueue.execute_ (C:\Users\SaiKrishna.Pulivarth\AppData\Roaming\npm\node_modules\protractor\node_modules\selenium-webdriver\lib\promise.js:3084:14)
                    at TaskQueue.executeNext_ (C:\Users\SaiKrishna.Pulivarth\AppData\Roaming\npm\node_modules\protractor\node_modules\selenium-webdriver\lib\promise.js:3067:27)
                    at C:\Users\SaiKrishna.Pulivarth\AppData\Roaming\npm\node_modules\protractor\node_modules\selenium-webdriver\lib\promise.js:2927:27
                    at C:\Users\SaiKrishna.Pulivarth\AppData\Roaming\npm\node_modules\protractor\node_modules\selenium-webdriver\lib\promise.js:668:7
                    at processTicksAndRejections (internal/process/task_queues.js:93:5)Error
                    at ElementArrayFinder.applyAction_ (C:\Users\SaiKrishna.Pulivarth\AppData\Roaming\npm\node_modules\protractor\built\element.js:459:27)
                    at ElementArrayFinder.&lt;computed> [as click] (C:\Users\SaiKrishna.Pulivarth\AppData\Roaming\npm\node_modules\protractor\built\element.js:91:29)
                    at ElementFinder.&lt;computed> [as click] (C:\Users\SaiKrishna.Pulivarth\AppData\Roaming\npm\node_modules\protractor\built\element.js:831:22)
                    at landingpage.logoclick (C:\Users\SaiKrishna.Pulivarth\Desktop\Projects\BSPPortalMC\Pages\landingpage.js:22:22)
                    at UserContext.&lt;anonymous> (C:\Users\SaiKrishna.Pulivarth\Desktop\Projects\BSPPortalMC\tests\homepagetest.js:20:25)
                    at C:\Users\SaiKrishna.Pulivarth\AppData\Roaming\npm\node_modules\protractor\node_modules\jasminewd2\index.js:112:25
                    at new ManagedPromise (C:\Users\SaiKrishna.Pulivarth\AppData\Roaming\npm\node_modules\protractor\node_modules\selenium-webdriver\lib\promise.js:1077:7)
                    at ControlFlow.promise (C:\Users\SaiKrishna.Pulivarth\AppData\Roaming\npm\node_modules\protractor\node_modules\selenium-webdriver\lib\promise.js:2505:12)
                    at schedulerExecute (C:\Users\SaiKrishna.Pulivarth\AppData\Roaming\npm\node_modules\protractor\node_modules\jasminewd2\index.js:95:18)
                    at TaskQueue.execute_ (C:\Users\SaiKrishna.Pulivarth\AppData\Roaming\npm\node_modules\protractor\node_modules\selenium-webdriver\lib\promise.js:3084:14)
                From: Task: Run it("verify logo click") in control flow
                    at UserContext.&lt;anonymous> (C:\Users\SaiKrishna.Pulivarth\AppData\Roaming\npm\node_modules\protractor\node_modules\jasminewd2\index.js:94:19)
                    at attempt (C:\Users\SaiKrishna.Pulivarth\AppData\Roaming\npm\node_modules\protractor\node_modules\jasmine-core\lib\jasmine-core\jasmine.js:4297:26)
                    at QueueRunner.run (C:\Users\SaiKrishna.Pulivarth\AppData\Roaming\npm\node_modules\protractor\node_modules\jasmine-core\lib\jasmine-core\jasmine.js:4217:20)
                    at QueueRunner.execute (C:\Users\SaiKrishna.Pulivarth\AppData\Roaming\npm\node_modules\protractor\node_modules\jasmine-core\lib\jasmine-core\jasmine.js:4199:10)
                    at Spec.queueRunnerFactory (C:\Users\SaiKrishna.Pulivarth\AppData\Roaming\npm\node_modules\protractor\node_modules\jasmine-core\lib\jasmine-core\jasmine.js:909:35)
                    at Spec.execute (C:\Users\SaiKrishna.Pulivarth\AppData\Roaming\npm\node_modules\protractor\node_modules\jasmine-core\lib\jasmine-core\jasmine.js:526:10)
                    at UserContext.fn (C:\Users\SaiKrishna.Pulivarth\AppData\Roaming\npm\node_modules\protractor\node_modules\jasmine-core\lib\jasmine-core\jasmine.js:5340:37)
                    at attempt (C:\Users\SaiKrishna.Pulivarth\AppData\Roaming\npm\node_modules\protractor\node_modules\jasmine-core\lib\jasmine-core\jasmine.js:4297:26)
                    at QueueRunner.run (C:\Users\SaiKrishna.Pulivarth\AppData\Roaming\npm\node_modules\protractor\node_modules\jasmine-core\lib\jasmine-core\jasmine.js:4217:20)
                    at runNext (C:\Users\SaiKrishna.Pulivarth\AppData\Roaming\npm\node_modules\protractor\node_modules\jasmine-core\lib\jasmine-core\jasmine.js:4257:20)
                From asynchronous test: 
                Error
                    at Suite.&lt;anonymous> (C:\Users\SaiKrishna.Pulivarth\Desktop\Projects\BSPPortalMC\tests\homepagetest.js:18:5)
                    at addSpecsToSuite (C:\Users\SaiKrishna.Pulivarth\AppData\Roaming\npm\node_modules\protractor\node_modules\jasmine-core\lib\jasmine-core\jasmine.js:1107:25)
                    at Env.describe (C:\Users\SaiKrishna.Pulivarth\AppData\Roaming\npm\node_modules\protractor\node_modules\jasmine-core\lib\jasmine-core\jasmine.js:1074:7)
                    at describe (C:\Users\SaiKrishna.Pulivarth\AppData\Roaming\npm\node_modules\protractor\node_modules\jasmine-core\lib\jasmine-core\jasmine.js:4399:18)
                    at Object.&lt;anonymous> (C:\Users\SaiKrishna.Pulivarth\Desktop\Projects\BSPPortalMC\tests\homepagetest.js:3:1)
                    at Module._compile (internal/modules/cjs/loader.js:959:30)
                    at Object.Module._extensions..js (internal/modules/cjs/loader.js:995:10)
                    at Module.load (internal/modules/cjs/loader.js:815:32)
                    at Function.Module._load (internal/modules/cjs/loader.js:727:14)</stack-trace>
            </failure>
        </test-case>
    </test-cases>
</ns2:test-suite>